BOT : you can exit this chatbot by typing exit
BOT : any question?
BOT : Oh no! Couln't understand what you are searching.
BOT : any question?
you can find them with this link: www.websitename.com/search=jackets+and+phones
BOT : any question?
BOT : Products stock count: 0
BOT : any question?
BOT : Products stock count: 0
BOT : any question?
Oh no! Couln't understand what you are searching.
BOT : any question?
BOT : Products stock count: 20
BOT : any question?
BOT : Products stock count: 20
BOT : any question?
BOT : you can calculate it by (total cost of your shopping cart * 0.18)
BOT : you can also look for the FAQ's in our website: www.websitename.com/faqs
BOT : any question?
BOT : Oh no! Couln't understand what you are searching.
BOT : any question?
